2023-06-28 15:55:28 | ERROR | lorawan::MType::from_value() error: invalid MType value: 7
2023-06-28 15:56:09 | INFO  | {"MType":"UnconfirmedDataUp", "DevAddr":"0x901eb41a", "FCtrl_ADR":"true", "FCtrl_ADRAckReq":"false", "FCtrl_ACK":"true", "FCtrl_ClassB":"true", "FCtrl_FOptsLen":"7", "FCnt":"21414", "FOpts":"da93800cc17c47", "FPort":"226", "EncrFRMPayload":"4954c838d1954725c3e7b5320c9036cfff10589e3b479a60a1e3faa6613c511c314c16a4337087e6a73eef", "FRMPayload":"078832999a0b67d122df2dbb85aad2c36f038b4deb6ff2a05b40213891293379b338fc55f5d036afd31ea3", "MIC":"a61ea072", "CalcMIC":"dd0131ca", "SpFact":"SF7", "Freq":"867.9", "RSSI":"-120", "SNR":"-11.8"}
2023-06-28 15:56:35 | INFO  | {"MType":"ConfirmedDataUp", "DevAddr":"0x647c09fc", "FCtrl_ADR":"false", "FCtrl_ADRAckReq":"false", "FCtrl_ACK":"true", "FCtrl_ClassB":"true", "FCtrl_FOptsLen":"5", "FCnt":"64869", "FOpts":"cb3bed4121", "FPort":"81", "EncrFRMPayload":"55f98e9da16af908955217169dcd30fcce4d37331d72f0e408768f33ad7adeb89bfa58cbdfc44559925f67ab4f32b66819da52b41cfbcff4ec9551c1bb4f57350c508b0cda8620bb3bd6ec8c72645b6350b684325a40b1484e87992a2d52904b5714ed87a6485ad46c16968839d140bd", "FRMPayload":"1247ad69eaf09c3dc374ddd699fbf549d1d812fd119d300b58ba41075c97dd7669ea16b413b8d8f8790d6085fbe732ed47baa46da636fed6e56d489a7485fdc98ad307253247ec25124e25929c0dbec35b8a1ceb82a1b2d40c380fde0bb237ba579ad286ae5a613e452b97bb500d7ddd", "MIC":"172cb689", "CalcMIC":"67add644", "SpFact":"SF7", "Freq":"867.9", "RSSI":"-119", "SNR":"-11.5"}
2023-06-28 15:56:42 | INFO  | {"MType":"ConfirmedDataDown", "DevAddr":"0x7fde5bea", "FCtrl_ADR":"true", "FCtrl_RFU":"true", "FCtrl_ACK":"false", "FCtrl_FPending":"true", "FCtrl_FOptsLen":"5", "FCnt":"17453", "FOpts":"85b15e2185", "FPort":"162", "EncrFRMPayload":"e1af02a5b9a53f40df4ca9204cc7", "FRMPayload":"beff4f863799cc41a8393664fb3d", "MIC":"b5a7da24", "CalcMIC":"ca06cdd1", "SpFact":"SF7", "Freq":"867.7", "RSSI":"-119", "SNR":"-11.5"}
2023-06-28 15:58:46 | INFO  | {"MType":"ConfirmedDataUp", "DevAddr":"0xf8bbc561", "FCtrl_ADR":"true", "FCtrl_ADRAckReq":"true", "FCtrl_ACK":"true", "FCtrl_ClassB":"true", "FCtrl_FOptsLen":"15", "FCnt":"5618", "FOpts":"8ba28704082727ffbc0380352dcb39", "FPort":"89", "EncrFRMPayload":"017a08deaf7c523dbe6f01df424dba22b7b23c07a64b7029d2b57573487c3c799f52608a352c15b265497a3a5460770d78a306d680cd665b1dbf4e08f9323a1758eb4d20d090", "FRMPayload":"b7e5c3595fb909f2dd2cf153f3f2e904faa9d43574e0186740e8fd0a5ad400c5d3a2b3fa1d40921a2a9cf250d650652c49e1dff03a35c9d0bf828f5ec157222feca86515d113", "MIC":"557faac3", "CalcMIC":"3ac469da", "SpFact":"SF7", "Freq":"868.5", "RSSI":"-121", "SNR":"-10.8"}
2023-06-28 16:07:28 | INFO  | {"MType":"ConfirmedDataUp", "DevAddr":"0x9de3406e", "FCtrl_ADR":"true", "FCtrl_ADRAckReq":"true", "FCtrl_ACK":"false", "FCtrl_ClassB":"true", "FCtrl_FOptsLen":"7", "FCnt":"17741", "FOpts":"2b9271d289b118", "FPort":"130", "EncrFRMPayload":"63b83272d0f4849bfe71e903553732079ba96b71761183a3fcc8fe0dd5b139c3a0f65a8a6b1b1443a12590e356406d88ad46fc0091a8a55d718d4d0aa36d2987171bb22d81bf34d3b6ef3cc0d3b88b6ceec5262902f5a0fccfefd7132766990a62fc139aa754dfb228d597bad3654a2322d13b500242aed35b7747e4a9b2", "FRMPayload":"5f08c7f7c8e43319f59c051dafdc0505eeb4d8ba7c1b141dd7281f633948583113a115f1f86b7c3b64c7cc35b878487894fd83abe67c535f322fd11a252b4f843d6fb9bce116007004f4b912a8e079f1061034be1ac21be9665e161886fb70364fa3895cff537f4c2e878f83b709ddb297deba665d16e877e2a1950923f2", "MIC":"dcf5ea33", "CalcMIC":"d570b797", "SpFact":"SF7", "Freq":"867.1", "RSSI":"-121", "SNR":"-12"}
2023-06-28 16:11:24 | ERROR | Invalid Data frame length: (5) 8f4fcbeaa9
2023-06-28 16:11:32 | INFO  | {"MType":"UnconfirmedDataDown", "DevAddr":"0x2a01c36a", "FCtrl_ADR":"true", "FCtrl_RFU":"false", "FCtrl_ACK":"true", "FCtrl_FPending":"true", "FCtrl_FOptsLen":"12", "FCnt":"42432", "FOpts":"8430d756b538989a30630ba3", "FPort":"19", "EncrFRMPayload":"5d37b7cf00f11d95538012b9d267f1c5ecb82de32631d6cf1e02c0fe0f2ebc448bb90dc203c208fb508a4dd269af62e4863ab4d8fdfa8627dbb31665f7b069aea1cd61f1515936e428eddf6e37dc8b6893b129cd3fc30e178064188a4a6334be5057146783", "FRMPayload":"5677b5073150ba6180d8ccbd5883b6816875a10fcbf61fc9e062833bd5af72e7cd28b380abbc3faa44881e68280304eed00ff943e87e5f57def9cdb292a162dc54446546bb6d5baf70403ea3f30579a4e7ea10c7950736a93650ba55dcefc36ad3e2379b23", "MIC":"35c14d4d", "CalcMIC":"9a24dc4d", "SpFact":"SF7", "Freq":"868.1", "RSSI":"-120", "SNR":"-11.8"}
2023-06-28 16:12:40 | INFO  | {"MType":"ConfirmedDataUp", "DevAddr":"0x50d13ee4", "FCtrl_ADR":"false", "FCtrl_ADRAckReq":"true", "FCtrl_ACK":"true", "FCtrl_ClassB":"false", "FCtrl_FOptsLen":"3", "FCnt":"57425", "FOpts":"2ff00c", "FPort":"4", "EncrFRMPayload":"c86ff0a1ede8103cc3958e3bb663d4a699ee356ecee8e3953c628261ef5805a156a2001fdea00ee5d75df47e9471513bb4257c26823fa03b3e0c51207b4741258070980d0e41f863b85369c4bdc3121b9a8ca729851b68872d423d0455badc1b37c3c647d2239270d6e6807260d41be56dfde36886441df4a8ba7e6053bdf130df132354a681264a66cfa52ec44a7c28af6e0de9a789d73d9153a9bb5ad116857b0fb9ead24721cecb22bc0f327420f6e3776dab7fa3b3d9ee855553e4c2eb94", "FRMPayload":"ad9e22633649b1c9b359b7903c5472cc64b9704abad983bb663d5e20a493345585b91d33551c302d8101363c1d66f86382f26679b8a4f784c19df1264a65f27a61d1ae55be91a1b78ea700ee2f6e7887933dd6b1377630bfc8282d7c68f9a8b9a141b781fa90bd802259ba00422317da516d9901d324111085ce2cfa46d7e6cf8f126762f7437a2f040e4478e7ca5d679cc395672b5390a2bea0879c888227efea841f60e444ff7d01a752424c177043baa25b4b1283778279b0cc5cb49a8794", "MIC":"7570e122", "CalcMIC":"8e1510b4", "SpFact":"SF7", "Freq":"867.9", "RSSI":"-120", "SNR":"-10.8"}
2023-06-28 16:13:45 | INFO  | {"MType":"UnconfirmedDataUp", "DevAddr":"0xf766c4ea", "FCtrl_ADR":"true", "FCtrl_ADRAckReq":"false", "FCtrl_ACK":"false", "FCtrl_ClassB":"true", "FCtrl_FOptsLen":"1", "FCnt":"47118", "FOpts":"eb", "FPort":"23", "EncrFRMPayload":"1f732dc19e92a25ade316f3600c88ca33e77446e468b2c754830b2bec0c47cf9354f734d71da8d8b16677f73fb3e7746f198286b94ee0495d098a5d8dc44408405c654027616dfea881c75a9341aeedcf2b9ee24cc5c1c4c13504aeb2fc010e2f88a070e4f5a2dfcd1e8c65e6e747012f2170e39bc5f0fa9240edb8b64ad50affef275c8f405e44022699400f1f0689572882be6329e6f1d578c971eb80a3b0035291d5a29", "FRMPayload":"c75db3077c3755ee6737a4f708c450d6cd4d1cff6c9de7f2e1fc7c3f96ce0765d415f33348ee4d2ccca245a47b7867ec96a8876f854d02c27a202de075ae5be08c9c1520c55b6e0c5c0fc951ca206827bbf17319d430b0da9c05ec05b7e613f0c74b1f3ff3c9c4c14e41ce182256b902752b268dbaf3f21922dcd0299e2ebb553a89426c6b3a3bf2d82114c53d1bc87eefefeb2e18a393137da3fc53f9b7247a349ca40c61", "MIC":"60a96e1a", "CalcMIC":"b8dfb1d8", "SpFact":"SF7", "Freq":"867.9", "RSSI":"-121", "SNR":"-10.5"}
2023-06-28 16:14:30 | INFO  | {"MType":"UnconfirmedDataDown", "DevAddr":"0x7cb9d8ea", "FCtrl_ADR":"true", "FCtrl_RFU":"false", "FCtrl_ACK":"false", "FCtrl_FPending":"false", "FCtrl_FOptsLen":"15", "FCnt":"38490", "FOpts":"bede5d02b37b693a0334a0486fd484", "FPort":"71", "EncrFRMPayload":"e194790134049d8e9e0e09639bf750b70331571375a47df13f1faa8ef6fe12176eccc4431d3091935dcfc8104addaaa516319b", "FRMPayload":"db6582cf3788aeb3cac2cb22b30a98a866a407f0f33d8dd847e3a479d7c9c47be338f7671feb3af7e0173285bee557e243966d", "MIC":"25bec509", "CalcMIC":"59fbf9fd", "SpFact":"SF7", "Freq":"868.3", "RSSI":"-120", "SNR":"-11.5"}
2023-06-28 16:15:12 | INFO  | {"MType":"ConfirmedDataUp", "DevAddr":"0x8ba9adb9", "FCtrl_ADR":"false", "FCtrl_ADRAckReq":"true", "FCtrl_ACK":"false", "FCtrl_ClassB":"true", "FCtrl_FOptsLen":"15", "FCnt":"31352", "FOpts":"a7b701f70dc2515db289720e5ae091", "FPort":"67", "EncrFRMPayload":"6c8a71ffb242ee7338c6b269228ee26d1e9fb39d6f1a50d7f5b5a6e7a1cb31411bb75e6b2145d3af2073af3db061c969e8679224becc4f6a3def9c0ca8617e4a79d25c6ff1ba16ae7603264fd0a31cdd15fec35d866226cd12286e62a5043a44b0ff39f66f62938a66592dd9a2ba61708940d5b6cf82", "FRMPayload":"d2f24171d5f5c0cbce5eca28a1f75e529819c8f088398290e5a75a5d88436cf3d44f7c7f9d73bdd8df608d3c0c4280e23ca4c7114ad04fa24eedf6eb590d1be8f576dd79c7cf196b11f691004df08dbcfde51e257d9c43f477a4591ddab7429bc19de7b379d080dd2cc6727c7e41cf61be3465073cc4", "MIC":"94fa815e", "CalcMIC":"49168c9f", "SpFact":"SF7", "Freq":"867.5", "RSSI":"-119", "SNR":"-11.5"}
2023-06-28 16:16:34 | INFO  | {"MType":"UnconfirmedDataDown", "DevAddr":"0x00aca054", "FCtrl_ADR":"true", "FCtrl_RFU":"false", "FCtrl_ACK":"true", "FCtrl_FPending":"false", "FCtrl_FOptsLen":"2", "FCnt":"3726", "FOpts":"246e", "FPort":"216", "EncrFRMPayload":"61b762fc28ba0922c44b05186bf6d13d74929c915a3b8f92e53cd2cb2c736858d158eb97d63173ea85e38aab80084a2079d2e32a6a3435cc9c1f1112b1667af047b742adfe", "FRMPayload":"9243a792b33a4e721f178fed07ac519d041cb8f91878308663fafdc5be705ac6874591e6d1963137c21cffc424deb45ffc1e3200fd7eb63de555b3a9f3004f65fe1b3a2ac0", "MIC":"13c18e2f", "CalcMIC":"1a441d47", "SpFact":"SF7", "Freq":"868.5", "RSSI":"-120", "SNR":"-11.8"}
2023-06-28 16:17:38 | INFO  | {"MType":"ConfirmedDataDown", "DevAddr":"0x11724b84", "FCtrl_ADR":"true", "FCtrl_RFU":"false", "FCtrl_ACK":"true", "FCtrl_FPending":"true", "FCtrl_FOptsLen":"6", "FCnt":"46204", "FOpts":"aa5413a90bab", "FPort":"109", "EncrFRMPayload":"2aae210abf67", "FRMPayload":"fe8f8d6b79b7", "MIC":"97fd9a71", "CalcMIC":"f575361d", "SpFact":"SF7", "Freq":"867.9", "RSSI":"-120", "SNR":"-11.5"}
2023-06-28 16:18:31 | ERROR | lorawan::MType::from_value() error: invalid MType value: 7
2023-06-28 16:18:52 | ERROR | Invalid Data frame length: (2) 415f
2023-06-28 16:19:16 | INFO  | {"MType":"UnconfirmedDataUp", "DevAddr":"0x3c91a6ae", "FCtrl_ADR":"false", "FCtrl_ADRAckReq":"false", "FCtrl_ACK":"true", "FCtrl_ClassB":"false", "FCtrl_FOptsLen":"10", "FCnt":"58048", "FOpts":"5fc8e48e2f791519361c", "FPort":"184", "EncrFRMPayload":"95db7999fc464d1f893f524504891532c03e4b1df9a593826a22de4bec90e5de401910304f2f8eb15322aa58bbc5326b51e2a59d523abef7d62a2e2b", "FRMPayload":"273a8d3c0092dc150e61fa140d5057ae9cb9ede7d3318d5bcf3a55f52e026294f97aa2471258d71da288bd4e2d8c9e276c0b0f3deb986478cfdd02ce", "MIC":"3cac521e", "CalcMIC":"54b51d7a", "SpFact":"SF8", "Freq":"867.1", "RSSI":"-119", "SNR":"-14.5"}
2023-06-28 16:22:00 | ERROR | lorawan::MType::from_value() error: invalid MType value: 7
2023-06-28 16:23:31 | INFO  | {"MType":"ConfirmedDataDown", "DevAddr":"0xb80d6eee", "FCtrl_ADR":"true", "FCtrl_RFU":"true", "FCtrl_ACK":"false", "FCtrl_FPending":"true", "FCtrl_FOptsLen":"10", "FCnt":"15639", "FOpts":"c251d048d71a577b671c", "FPort":"27", "EncrFRMPayload":"301e08584cd411a058481dd44cbd98305514c1cd44864e9a956883df2650a1039f57df472ed33d371aebfb788a17071c89909d994c6fc248ed83c51747f921b2ebcc825027a910e854b75e3ea2349b391f0bea9c3e9f1fbf498256b29c15d02fe77b434877010f1993aa21005bbcd0e92f12087ebbc7696b378f30619753", "FRMPayload":"059414bad88feac47d9d636647a7dc700e06d5939401c16332e80288155c279fbca8c6844a9a9c67d687cb8820dd1cdc34ea8d1f8ffbdcdc898efbe6b0e2296fd1fd6bca06b004508553dbfe1bad012c9bd1ec8848dba84e008db398f1e551499070a1a0a591361a92ac340a54fde8f77dce0a5b4017f92f61b787a39cd0", "MIC":"60af6c73", "CalcMIC":"4f0cfba9", "SpFact":"SF7", "Freq":"868.3", "RSSI":"-120", "SNR":"-11.5"}
2023-06-28 16:26:50 | ERROR | lorawan::MType::from_value() error: invalid MType value: 7
2023-06-28 16:35:22 | ERROR | Invalid Data frame length: (1) 52
2023-06-28 16:36:40 | ERROR | lorawan::MType::from_value() error: invalid MType value: 7
2023-06-28 16:42:22 | ERROR | Invalid Data frame length: (245) 510e09bc7a838af4a3741f08fe2191f700ab91d1bd7e8db9441410d97ff514dff4b59473d969b30102f3c5a5399bb09caf8efc09b0439a5dc3fa7be4e88db53a2decd2eb32b79fd5aa7cc64111713b05adfe923cc674e6626b58e7086d9d8866914f2827efa68e5669e669237e3a61a882394c210802d1436ac7cc199c3965f22b1a28459a981e62fafa983975f14e8cf83c30eeca3261c6d340e147da1ec0d89d8c8ab1e4a2bbe501426136bc6f658bb143ec0db2f0dd9b7745b10b7e6c436630c78fce8d7614ea6dd06aa6cc0926b8d80adda4762071484ce6ccd6b2113fd09d88e3744a76102036beafb99d5c4376f1a434aa16
2023-06-28 16:48:14 | ERROR | lorawan::MType::from_value() error: invalid MType value: 7
2023-06-28 16:48:46 | ERROR | lorawan::MType::from_value() error: invalid MType value: 7
2023-06-28 16:50:30 | ERROR | lorawan::MType::from_value() error: invalid MType value: 7
2023-06-28 16:57:09 | ERROR | lorawan::MType::from_value() error: invalid MType value: 7
2023-06-28 17:00:26 | ERROR | lorawan::MType::from_value() error: invalid MType value: 7
2023-06-28 17:02:38 | ERROR | Invalid Data frame length: (233) 858179d7b1a3876345d76ad0fcdf958f464422deb290275084168e932174d82fdb4770394370ad123e2289eda7a31d6dcefda0a480959f6300e14e729213e89b45847bdd28a9d132da52974d0e6a6908b5caefed7601b37a98289527ff24ac6fab705ce7527e6afd31ee803fab09009fdadcc6b3737faab07ad1c8301e120040871f0a092e842e8510911649c3b7c048dd6065dd92f81383e4d5b0ecad806bc507d016eb818bfc2edf141e98a7e3f58a430eefc7246f6bd6cad5ef7f41c34388ecfe1d3f0252de82fdc930490575e234b0cef409f220b439c0c700781cc1c1f02c8ab3dea5b8776de1
2023-06-28 17:08:12 | ERROR | Invalid Data frame length: (239) b291b4f26862f05bb7887a4465c7b0bbed8e9b3576d4641cdb4ebcc3707571fe63d31d8597a3922ab00f1da56ba8b84089f9c2ea8c399a9af438ada8f936e5139562dc07c3321848bd798f36a1b7f11ba2c7a5444c976eecaa7ce462e9cb74016b67bbaac2032c2d799774f1bc91da639d792fa484d662ac27543b11ec56a2c821c5c9041cc82d8bc4939cb90bf6893e9db371ca65baf67b1b5371387f36e11e627b2bbe553a6d751c9706497fc8281071d6fdeb28f61e439903e924a852c2d8a305431e15ead77a1cd47b0be2f85ea1b753b0b36e7217b088024f49becb03977f6783a1bcc2aaef28bf419970b6a4
2023-06-28 17:10:04 | ERROR | lorawan::MType::from_value() error: invalid MType value: 7
2023-06-28 17:11:07 | ERROR | Invalid Data frame length: (3) 69ddb3
2023-06-28 17:14:43 | ERROR | lorawan::MType::from_value() error: invalid MType value: 7
2023-06-28 17:16:31 | ERROR | Invalid Data frame length: (5) 7202e22bb3
2023-06-28 17:17:00 | ERROR | Invalid Data frame length: (250) b815447f271887e24ad0b1902248208ce6228bc6ba18119cd4432088befc5532da4ed36a136e47757175b336f59862c761619161f8dd31da7891abf617688eba3bfa55ed4666320906200743d903f9f0d37b89de4b06a33b4d15bdedc05469483ce12dff6dac8996a038c09c94c0c2beae8688cddece35ab72d75f84a42adbef9f5118ce2aa3c7e3922258967ccea84d6c34aac92f17720f2805940089b9e0fecb4bc6457dca513400efc91547f4c6e40aee3d58f6db6d836290dbeb72a315efba7ca0509acb762965368d742808a30294df6fdd3fab2e893634a907ed4eb6ee4f2eaabe5b9bb2d7736f390fa464addbc4ddc889fdf0bd5825b8
2023-06-28 17:19:06 | ERROR | lorawan::MType::from_value() error: invalid MType value: 7
2023-06-28 17:21:48 | ERROR | lorawan::MType::from_value() error: invalid MType value: 7
2023-06-28 17:25:10 | ERROR | lorawan::MType::from_value() error: invalid MType value: 7
2023-06-28 17:28:34 | ERROR | Invalid Data frame length: (233) 6ce843a8c7958709a2f6617e788eb7acd49df621d5b2af40c0ae5d210d81b3c140778a784dc981c598037a56c534b9b31bdaa114999beff4f7bbcf9a6dc83d5c91f550ca644633c372517a83f9acd15bc80585c64dc5078229fce2e46daeb3512f7c5821d69355302adb25f9e7d4fecc3c979a22bf2bbe65525b298fd583cef14e2dff32656cfd3b05fbd75a553322b2e47f2deb6fbc3689a48409ef702138cbd85a806f63ec23487e9d31c87ce14d06636635cbd510d74242f99e01e7f5ebd3633caa62bbb4389c0f3585f8296fba249597788a08a3eb726da8fe36f110a19b94bb9b84cd0f7cd7f1
2023-06-28 17:36:31 | ERROR | Invalid Data frame length: (243) 475c8c30b9fcd9744964be5e444b2243a2edd52639619dbadfaea8fdfe64f8591435ecfc8018a767343c1f234e38d382a03ab5de8d8a11ab4bd624681f9af779338e68a0cd3a75c5352e9119ecbcb357455b0d9799289db6101ca4fa697ec91d42f1dfc2d67e4b3526929fdb85a2bd2dfbb5e7d46318a8094ecea7b4086121bc2e6f360d32030ff965450e8cf09a657d0f43985c3665fc129f85f030f53a28729c7090b4a8d3ab758269ec1f7a83b24c1bd58933e7f233c4d36f0cc6f65eb85b8e95092937fe90522f7f4170c5409eac3d825cfbc875447a93a1744785affb5d45d6607f27a88f835def8ec8602c605f1bd6b1
2023-06-28 17:46:04 | ERROR | lorawan::MType::from_value() error: invalid MType value: 7
2023-06-28 17:53:19 | ERROR | lorawan::MType::from_value() error: invalid MType value: 7
2023-06-28 17:55:41 | ERROR | Invalid Data frame length: (248) 44579e27ba84a600aa834714995e9a51c019afd0fa713a06df1f9e8f644273ebe13c3b82aac76e56d46d8ec515f3653d6ee23feeaefd8efff48eb4d3793b231e673ab8891edecc1736e2779143dd95cfb48ea95b4d573ecfea5c97a074e42d09ec65c8dc0123aab8ed5eb1a0d8b8643e221f4201dda6528b2b691199f590756df34890e5a48f66419ebdfd345c759406a4efea9a9b5986f5b0de7ae1c5b797c0bf1b2b230e95182c83266a4048adc72dbf67f5788b38ea3006eb0ee257c02c700a15cca70442e8889e95b259460199979d9d67d385e8b7c04967a55956f0f9cc26ccae3c419ca20f9052ed1e4ec77cd0a392da52cee6467d
2023-06-28 18:03:12 | ERROR | Invalid Data frame length: (15) 8a91eb66dc46ac3f8b18263b68891b
2023-06-28 18:07:47 | ERROR | lorawan::MType::from_value() error: invalid MType value: 7
2023-06-28 18:08:58 | ERROR | lorawan::MType::from_value() error: invalid MType value: 7
2023-06-28 18:14:36 | ERROR | lorawan::MType::from_value() error: invalid MType value: 7
2023-06-28 18:18:56 | ERROR | lorawan::MType::from_value() error: invalid MType value: 7
2023-06-28 18:35:51 | ERROR | Invalid Data frame length: (14) 9704d0cc776a8c8b4d065a4c2874
2023-06-28 18:37:57 | ERROR | lorawan::MType::from_value() error: invalid MType value: 7
2023-06-28 18:38:12 | ERROR | lorawan::MType::from_value() error: invalid MType value: 7
2023-06-28 18:40:02 | ERROR | Invalid Data frame length: (6) 7f62fda8a485
2023-06-28 18:46:38 | ERROR | lorawan::MType::from_value() error: invalid MType value: 7
2023-06-28 19:02:27 | ERROR | Invalid Data frame length: (2) 90f8
2023-06-28 19:06:00 | ERROR | lorawan::MType::from_value() error: invalid MType value: 7
2023-06-28 19:09:58 | ERROR | lorawan::MType::from_value() error: invalid MType value: 7
2023-06-28 19:20:17 | ERROR | lorawan::MType::from_value() error: invalid MType value: 7
2023-06-28 19:23:13 | ERROR | lorawan::MType::from_value() error: invalid MType value: 7
2023-06-28 19:23:27 | ERROR | lorawan::MType::from_value() error: invalid MType value: 7
2023-06-28 19:23:29 | ERROR | lorawan::MType::from_value() error: invalid MType value: 7
2023-06-28 19:35:35 | ERROR | lorawan::MType::from_value() error: invalid MType value: 7
2023-06-28 19:42:16 | ERROR | Invalid Data frame length: (253) 9e803954312709af2adfe0a99bffa097d21cfc29cd1c2d9c94d0ceae1c8b857ab708db92241ed9f8754b0ba2d07a02890efea3af02d8dbc4c95b70f16376d28044711b1219dc52bb8bc5d0190bf8c3a5ede3b07dda649ffbaff22e91758b6dd61cfc2a830720f5c3ac66ea35ddbd254460f6c809c76adf5c04cf4021b573a06758b91953a491cfbfb1e111f59120e5f50d149023fc7afd3f6305ce2a8ce5e1b776f9ed893051c85a731140c44974df40bbccdac92c282c592effcdd695da8f9e557b5ad882805e7b1061f671381a1af791428e849c9df4150b681d9e2978bad6b37641e16875635a579cb01a8b54012c6fdb9a89f0337474205644e65b
2023-06-28 19:42:48 | ERROR | lorawan::MType::from_value() error: invalid MType value: 7
2023-06-28 19:46:01 | ERROR | lorawan::MType::from_value() error: invalid MType value: 7
2023-06-28 19:50:27 | INFO  | {"MType":"UnconfirmedDataUp", "DevAddr":"0x04000f20", "FCtrl_ADR":"true", "FCtrl_ADRAckReq":"false", "FCtrl_ACK":"false", "FCtrl_ClassB":"false", "FCtrl_FOptsLen":"0", "FCnt":"940", "FOpts":"", "FPort":"18", "EncrFRMPayload":"9ada20d2fb0523cc10697795", "FRMPayload":"f94a8b83dbeb41cad4726d70", "MIC":"19eb1bf0", "CalcMIC":"d5323740", "SpFact":"SF9", "Freq":"867.9", "RSSI":"-121", "SNR":"-15"}
2023-06-28 19:59:02 | ERROR | lorawan::MType::from_value() error: invalid MType value: 7
2023-06-28 19:59:50 | ERROR | lorawan::MType::from_value() error: invalid MType value: 7
2023-06-28 20:00:41 | ERROR | lorawan::MType::from_value() error: invalid MType value: 7
2023-06-28 20:01:12 | ERROR | lorawan::MType::from_value() error: invalid MType value: 7
2023-06-28 20:03:05 | ERROR | lorawan::MType::from_value() error: invalid MType value: 7
2023-06-28 20:03:13 | ERROR | lorawan::MType::from_value() error: invalid MType value: 7
2023-06-28 20:04:59 | ERROR | lorawan::MType::from_value() error: invalid MType value: 7
2023-06-28 20:07:58 | ERROR | Invalid Data frame length: (242) ad95bad0aff61aed0d311c79dd3d728705395071b8f39a46e1c00f56320fb33316169f4b6df1e7086c4c885b64bf79f892cf020dc01869753dea243955609f9380cd4c040a9feb514111b61591bc3c2f994fc10831207ee617998a441b059adfcb5043f7826b12af9a2b35ef5822837314c2607aa8240c738f141326984df3e90f57ef6170a14ff23502051ef2b5fe2cb646014f0a32149e8a8e6d226fb724483bce9041d57d31dffd4ae1578e44ad32abafb1c3292fd2d8eec15e0215b5bccd51449ce1c7e03491d1764bb3aef2c990a73ef13cd301b404668926d0e0e7abb52918673ebc532b1e765a03f5abec895dc8ef
2023-06-28 20:09:21 | ERROR | lorawan::MType::from_value() error: invalid MType value: 7
2023-06-28 20:10:18 | ERROR | lorawan::MType::from_value() error: invalid MType value: 7
2023-06-28 20:19:17 | ERROR | Invalid Data frame length: (238) b0d1d2130443ecf812ce3bea1eb4eb49c6454a9bb2026eeefa65f321bae3984537f1e22b9685cd44256cd383de2c8b68cba1eb332ba07fc2d416c8f3728691f2851e9144a99928d0826012dc4a30362c6506848fa9035b531c1798ede3a725bacd831df583a5a4d60505906366e7d918518fd35a7f83f42b8724cfe30e0c4317611cf77eeec9087ee75dc1693e2989907a677ae8a09782975e214cc6cf10e4e1fd699f91f6657c54f0d20bb1d925cfbb21ea758ae34f8d8a2688557b6f05bfa3ba3ff652b3c67fe6dee968e608cdbfe7a2fff1805a0d25821891080599bd063bbe09cbf1f5053bdcb0bcd9737857
2023-06-28 20:19:22 | ERROR | lorawan::MType::from_value() error: invalid MType value: 7
2023-06-28 20:22:45 | ERROR | lorawan::MType::from_value() error: invalid MType value: 7
2023-06-28 20:23:15 | ERROR | lorawan::MType::from_value() error: invalid MType value: 7
2023-06-28 20:26:27 | ERROR | Invalid Data frame length: (234) a938b3c8ca93f4f4c0b33a9d24b2a18cc27dacf64cc0d3671de1487acdf0b1c7d55b56614e03fd2b5f0982277b8764e4677fa3cba761e3f72592fd9b5c29770b33c6c52a16cad9982db26ac4af235a30db8bb0c27b4f9cc8dd08ed403e1cc749c22f7cb586983410f3eb9c3a8fd412a52e262d47a9160aa0faee2e10500d021fd75702408dc061cbbddfa199c0e3755cf0f10aaad99eca44d77f7eaed8970e03a504924e0956c7bf46cad5b6a26d028c5c90e18677acd798176e3865845785ca4780526e2d4f4eebb2b100d1e9c368370e52df6b3d3f755fac79249d45d8b7b370caafb4bdd4d521844a
2023-06-28 20:27:44 | ERROR | Invalid Data frame length: (13) 56ed0ea7e398a5d482532f72f9
2023-06-28 20:36:31 | ERROR | Invalid Data frame length: (246) 6944fe722c41591a39dd123d629709e03fbfc78fa18a0b0921b595ef9421be96929d6271e392a2f242614b4fb67269a5755d18058a17c1f9e830ea15923399d86ef275e62e87b25b803b2865d2b53e427fc8bf8753504d1aa1d1ca9c3a5815dfce92a342a3e3fa031a11b5e1753e5c1ec8f826aee74f0667551336cde15d869af2c70287a7f2359e86f25a0dbfaf735ee8dafde99daa793db981fc9d309e3b27c90dc84332ce08c0eeaa37f698189a9db7961e7947e590f50fc8fc945f758f11be1ad66e0fb2611bfeeaea0b7feff228cf41cd574098169b46021377ae5e2bf7a8cae907664e8b9590d01bcb2143859d41be474c5691
2023-06-28 20:40:27 | ERROR | lorawan::MType::from_value() error: invalid MType value: 7
2023-06-28 20:41:05 | ERROR | lorawan::MType::from_value() error: invalid MType value: 7
2023-06-28 20:43:53 | ERROR | Invalid Data frame length: (9) 5015ef4ae9b5855a57
2023-06-28 20:45:22 | ERROR | Invalid Data frame length: (5) 46bd82b2d8
2023-06-28 20:46:29 | ERROR | Invalid Data frame length: (253) 95d4e3fee24ec85eab27b6fdd3f14641edade42b2fc1d5219eec83ca72702540352f098ca851695e2a57be7837aae5b1d6c60530fd247783e9216c60b9bb47a1b80cb2b14d39e08079e89b9dae8caf2da28a3576972046dfcb69e68801a73878b120e92d188d7b9dbb5c486cf28f790d3aca7f4546d96374cf57899565db48f30c412a1b74cd62928babc9a1fba66b5d07a4efc4d1b96f54030dfae5e73a69f2b40388b9357683472f13051876fa12443724b9e1d90c0f2bf8e2e53dbd8b9a66ccad4584cef7f299d0a381968f55d8199b1a45ab73bdddacb8df4e52c045440569dc5a722bead8606d8b225c88139fb46a2430bd39f4e6dd57e5aebf0a
2023-06-28 20:48:51 | ERROR | lorawan::MType::from_value() error: invalid MType value: 7
2023-06-28 20:50:22 | ERROR | lorawan::MType::from_value() error: invalid MType value: 7
2023-06-28 20:55:15 | ERROR | Invalid Data frame length: (239) 8a1f492d4cc86ee4aa68f517ab6f13a2d8e036a7fc6cb8b92bb0e6e66063c9021616290571bc9483557707828d8c9f33e5985cf772dfd778ffd3047b4351d8a30e75e39b22c292f4731facb60f8669325ef1c0cf72a9626e2c33d38e5b8c4c2024417f016b8fdec5d90540973c158af7538c127c53d6384a419e3c2f3e77b845cd54ab65a178c93ad3575ce2d923c1e5945b25553d4e4537e7df0c3b8ebe2042380b0c548ff014fe27f432a09214b6e2cf4873a67098228cc6aa2914c219e8c324c9e5dfb5d2cdfdb113f3c8ff8b31d7ac5e941e5c03e3d29090a300a9ee8f9b7d1ae462966dcf73fdd97116e52ca8
2023-06-28 20:59:09 | ERROR | lorawan::MType::from_value() error: invalid MType value: 7
2023-06-28 21:01:40 | ERROR | Invalid Data frame length: (239) 94e3286884e6693dcdd95db8b0d5914d28d4ec7861b7f703822518a0c8c2b8777b3d4f2db2539eebfff3e72f43d68e5a9dc1a78cce4812941fd05963b93cf89bb593d969367635456d62e7c243025a19ccfecd05f750ffe5123ee100279a3ee0bc94db0506e19a74af00a20dc28c22ff1944233ede9c5b61addde2253b24018dde97f72cbf3dbc717d5829f57e91a93ac8e8f1a7acb26a53133cac6a709165ea9c9138efcc57f7f85a4dd79120c6b92bb053b4db9e1b19c7b2dcb6c1dd8375d952958efc88cac874d03c12d268ce20265744887fb28814d1e08ea53527d4f24267d5539c4aa7446ea2c4ea84d9c3ec
2023-06-28 21:05:31 | ERROR | Invalid Data frame length: (4) 8840ea52
2023-06-28 21:08:23 | ERROR | lorawan::MType::from_value() error: invalid MType value: 7
2023-06-28 21:08:31 | ERROR | lorawan::MType::from_value() error: invalid MType value: 7
2023-06-28 21:15:04 | ERROR | lorawan::MType::from_value() error: invalid MType value: 7
2023-06-28 21:15:16 | ERROR | lorawan::MType::from_value() error: invalid MType value: 7
2023-06-28 21:15:58 | ERROR | Invalid Data frame length: (241) a7f7b474d068da3209233d3a34719185ccc9c8876b73051291764611964566428db741a822d42fa2568a5b40dcee68e404d49d19c77107289b811366e1624726221ed636e67e4ce6e1cc998287423c5b332478671285325df7261b443fa4160c5f0c53dca630371450994ef8ba37181e81f8d4161859a2f8863184b6a40c432679165f5a0eaef078e6e8fe1ba23f51a91bb4aa8630dcf0b4d9ed8b3601965eda142b71a7587ffa71fb9bcce82255bda18a6fcdf26cf016ab12fc8df0714a289b36295b3e9564bb75cc424d94464c2a3562030fa215de76fc342010bf4a01239c5748e85464fba2a26a334bb2905d6d1c53
2023-06-28 21:19:23 | ERROR | lorawan::MType::from_value() error: invalid MType value: 7
2023-06-28 21:20:42 | ERROR | Invalid Data frame length: (250) ad3c2ab7312412f7382fd30ab68a94ed7957fcc3e49d6bc251aec8f72c39c0e5bbf1bb2b3f48a57532ab278b89a3653605b092bc7419f63d00cb96ddcf2013b41261054736d9c4f3e8359ec9071a5ad237af8e73fa6f437dcd7bfcaed518a856fffedceb411abfb099b37b3eb53fdcf32e4136d50ed4b2e97a52149372c3d847591ba1834b9b11fca74952baf71fc3ced7351ffc5e03b9bfc44f84af51e5b023ae1c8313541054dcb4c4f9b81d748da88b00d653ffe6f1ec51ad8e8560cd7d1be39ea6abfff7e96722d7122a5f37778feff6e7fbb36ec0685fd9f5c2136db216a12f29e03f84ab74b816d0cf9c48167e5bd7914b628d707d6b61
2023-06-28 21:37:46 | ERROR | lorawan::MType::from_value() error: invalid MType value: 7
2023-06-28 21:38:39 | ERROR | Invalid Data frame length: (3) 7ef2e9
2023-06-28 21:41:41 | ERROR | lorawan::MType::from_value() error: invalid MType value: 7
2023-06-28 21:41:59 | ERROR | lorawan::MType::from_value() error: invalid MType value: 7
2023-06-28 21:44:44 | ERROR | Invalid Data frame length: (237) ab215c39aa11d27ef6de3c8d25fe7e8a019eb431533893aee9fc5430ab96b33116b551745b004dad8e8452d859a661eae484bb545930e43c185fe78e9832100f13e031ce9774fbac16260832a0106485c54ffdf53c374de6c59911d7aac9477a79c8caf939bc070081d8c14ec39ed02fb817d8033386f0c5bd5bb784aa09b42fc25a6905929cdfc86c9c4540302c538eac29df13ed73f7667301fab6e415d3c13620b63d708a79d933d5d3e3541a01069924e1ac07c369f7714162fb0d46568aa8dbf58d802a5bbf08bea35d661be7b63db0ee5c123414b9812536c06dc7c055e52dedbfe8a8b6a46d2e1a37f1
2023-06-28 21:45:52 | ERROR | Invalid Data frame length: (7) 4ab59bb9b3929b
2023-06-28 21:49:13 | ERROR | lorawan::MType::from_value() error: invalid MType value: 7
2023-06-28 21:49:26 | ERROR | lorawan::MType::from_value() error: invalid MType value: 7
2023-06-28 21:51:11 | ERROR | Invalid Data frame length: (2) af1c
2023-06-28 21:52:06 | ERROR | lorawan::MType::from_value() error: invalid MType value: 7
2023-06-28 21:54:57 | ERROR | lorawan::MType::from_value() error: invalid MType value: 7
2023-06-28 21:56:04 | ERROR | Invalid Data frame length: (8) 41e750c0178ae2e3
2023-06-28 22:02:19 | ERROR | Invalid Data frame length: (230) 41dd925facc9973aade2cf7dd0acc346c1075c981688176f128caa7fffecd5a2e64038cb774680290cc34c72ff935e8a99e52a06da1f5ae2180f30e8470d1a7bdc141d80f486fd27214802241a2fffbfb0ca6236df6ad8f72be9d055cf3aeadbf80896c35b42bf4a41d2dde7716b9f24b6a1f20f2f27089078923d709b838b467dbb4c7dbfbaad8fe3cc42fa5bd0ff4ea5e7342f693626ffca8e8a71204a84dec17a873123fb4b2bbfa6cd8d502d6b1d8dc9a17a45c80defe656abffa7463d8658f3d5dc27c64d2a71157b807144bc6e9ddfaf4bc468c9218ff3dc68348ea0fcc355547ff354
2023-06-28 22:02:23 | ERROR | Invalid Data frame length: (251) 4db77e29136cb408519cb1c2d0366329e3d86ca627d6adbce8591c4d13c7fcc8e8405ea35d358034780873b3796df9dee0a0c15f63477952eaff031d78d6a09a234f83cdfe0ca1822d18923caad8f39bf0b20525d3dde59bf2cbaa9393f55386e2f671fd9be8ab3bf9c4ed5c6620cea8c551dd192968eed299829c62dc385e6ba3b4b701b6aa2f6c789950343affc29bc0e87d21846f7cac6a9ed3063d65ac979d8da54cc75b16b82b92e1d496653358b691bdbf95c6bf3fda52f0ad55e7b424e0187dd3dc943979f5690feb7aa80bbeac330d92b6a35731ed651ec76507c07f18b2d8f52e9b7be4bb850eb5932496be0136cf3bc53451c97986bc
2023-06-28 22:03:16 | ERROR | Invalid Data frame length: (236) 9ae4b4af69079caf39cd3803fb14f2ea8482a095c6e9a5fa84e77292db3eebf0ee893e6447ca807f1c95dfef9d7341da04a7ebd8b84f645b52427152aad527953c62988db1264c450f85b48d9111be31c0de5a5dcaf02de468fff06d04b32073eb3fcec704172c7bf1d07f7aba20577d4a55d164113e55673d8fd3c0e2a136b20a09dd624f81db50d3bd246de412735831d030465b89f84f8945ad3cbe34055f84c2306fb7878a305475a2c52961a543839bd21595efc5a426e0bc97069fec13f2127e09ed7b86d740149762a730d4d5ed8e749210341ea08575bc3a1d4aa6093eddc8f6e4da288d860c8969
2023-06-28 22:05:35 | ERROR | Invalid Data frame length: (7) 879e921f6e5892
2023-06-28 22:14:52 | ERROR | lorawan::MType::from_value() error: invalid MType value: 7
2023-06-28 22:15:31 | ERROR | lorawan::MType::from_value() error: invalid MType value: 7
2023-06-28 22:16:39 | ERROR | lorawan::MType::from_value() error: invalid MType value: 7
2023-06-28 22:18:07 | ERROR | Invalid Data frame length: (16) 625bede7fc5a32830dde39727bb3c945
2023-06-28 22:19:15 | ERROR | Invalid Data frame length: (5) a44dd8638d
2023-06-28 22:19:29 | ERROR | lorawan::MType::from_value() error: invalid MType value: 7
2023-06-28 22:20:20 | ERROR | Invalid Data frame length: (244) 82f0d3d540cbd0c0e46b38ec147d3f6d639266b538f3a5512dc721422271394bd8f7afc7073f8c8a8f03173f6ce4896d868880d629acca95dec62ce8b2f5cf42a6c45613e864be5b68e0d0d29fd70062793a3f524537dcc857e4b607c0552183c7eca783a28d3f2f19c83cd64d6dc62a75110207e957e01fb3ce3e5aec824272daa87cfc0430456e64f62b5b61c2886d9819e7af34f54dc805873b145b71e320cb3c1e917bf6a221cef805fabfb1d63ab51cbf5e638be768a78418cfb8f730a94b17e10cc203f6e8aa8fcd18cdec1ead27b3261e8dcd825627e7fe28d1db051d19bc61753371437d39a0b986e466ab1fffb07eca
2023-06-28 22:21:24 | ERROR | lorawan::MType::from_value() error: invalid MType value: 7
2023-06-28 22:25:44 | ERROR | Invalid Data frame length: (16) 7acc7ea512b768c070d215ff70c2b1e4
2023-06-28 22:30:17 | ERROR | lorawan::MType::from_value() error: invalid MType value: 7
2023-06-28 22:32:21 | ERROR | Invalid Data frame length: (247) a266ab6308e294002966a29de107f7eb3a9f91c9cbe2a56b4926d897170bff3f843c2d75440b7a18f9953f4f5b1e6014f5c883b55c3e9832041708a9a555426c613965d8940194d2df23c92a565b7f78524e530da0e5104640d998c77cf00a73459188494f8e6236db7e2a3f37199e65757a3005402c9e393e39df3445431daec95bfbbf45dd3318c6a11a6ba13399b642bd7e40b584bbdd3e7771538296eeb4c0fb2441f7a8cf70dfa3076a7b1898178cfbb53fb5fbe59d51f827b290d9d9287a5918799e33c1b41d4e7cf34717330a981229250bf181f8736f3a49e55589f9db05f9ae712bc00b330d3b038333a1054e1b6d7e2d2548
2023-06-28 22:35:15 | ERROR | lorawan::MType::from_value() error: invalid MType value: 7
2023-06-28 22:36:24 | ERROR | lorawan::MType::from_value() error: invalid MType value: 7
2023-06-28 22:39:54 | ERROR | Invalid Data frame length: (3) 4c93f5
2023-06-28 22:43:31 | ERROR | lorawan::MType::from_value() error: invalid MType value: 7
2023-06-28 22:49:02 | ERROR | Invalid Data frame length: (234) a60fb629d70ca1fc001cc5e2726df79d25b4c5520acafccfccc3cf68180968cb6c682e22d21909658983bd5f2ff2675828db4900b964d7ce03ce95dd4ffeca6dae9b613f0270b73a8cd8a597c2d3ae45ba3a198d2b5cc849d9758b32298a44554371467bb021d5e7ef9d7e03f409cc7dfb096276320ca6f06fbc74ce369dd6f0e00c95009c675ed747a9ebbdfe93935ce9aaecafbb55321be84fe66a26c0c241dc0d2bf917ffd0994896e28588d11055f7b9462f21934a8cfcd0df399d23085743fc278efcb6b528225e173adff7f7df51e17ee3d294cb1c5f106651f9e678963fd59d5be9d8a0bc31f3
2023-06-28 22:51:47 | ERROR | lorawan::MType::from_value() error: invalid MType value: 7
2023-06-28 22:54:35 | ERROR | Invalid Data frame length: (5) a1ec126a29
2023-06-28 23:06:31 | ERROR | lorawan::MType::from_value() error: invalid MType value: 7
2023-06-28 23:17:43 | ERROR | lorawan::MType::from_value() error: invalid MType value: 7
2023-06-28 23:21:01 | ERROR | Invalid Data frame length: (239) 585ba392306de623395b3bc359fa5eac97862c6bf8188f63221853dd5bd1c9d099880a4c50a9d16eda8b1de070a240a63b17283143618708a8f65d3117fe69b8e95d9a8eca1e629b08726115591556201f84b0ddd1f60f90d54204af2e4c3a3f462bd44c8355aa5169decd39767d997db466e562436563fd1946fae14286c8c1e938142c769f8d4ac76d46ac9d8c3dbcec239bc76eb28ad763e2e4b4f098906494ce39a55e0035b3f9b7310da1a5e1605ee99bb32cf600ee3122e103796f3c363f7b78d1dc0c5585a71ad2d0bb85b043ced6c435715e30110c6954b5af45730c6476ba039dd59b21b1d95f959f19ac
2023-06-28 23:30:34 | ERROR | lorawan::MType::from_value() error: invalid MType value: 7
2023-06-28 23:31:35 | ERROR | lorawan::MType::from_value() error: invalid MType value: 7
2023-06-28 23:35:46 | ERROR | Invalid Data frame length: (4) bf6c3df1
2023-06-28 23:36:22 | ERROR | lorawan::MType::from_value() error: invalid MType value: 7
2023-06-28 23:37:51 | ERROR | lorawan::MType::from_value() error: invalid MType value: 7
2023-06-28 23:44:29 | ERROR | Invalid Data frame length: (249) bea074ae4994f034a52b9c7ae4e3ad533ccab01e40403fc29b669b6e44717f1f19bd47a2abaf5a66e3245a822e5ff394baed66a25e1b5059d6270c52fba2f3abf50cd11a94c4d948de09d9855114d5e87a8146ee47b47ad34c23a832eaa37971a2e2f4c74b59ff90d5c363d0366c9fa6bb23cbe30eaef24d1b799875c462dda3ce1d7efee507b8ea052e841f0d2f16758765395aadcce0dc07c89804b9783d350894d93d53afb7ca39f39c27ac51216ed75f35869162b30fbb2af86e5a844e1105d8cad7bf7c04e9fb075326052333776dde1ff016970e0bc08452f23994a73f7e4c9ea73e750f3fd839a6f6e56478b4c2f533fcb1c167de04
2023-06-28 23:45:36 | ERROR | lorawan::MType::from_value() error: invalid MType value: 7
2023-06-28 23:47:17 | ERROR | Invalid Data frame length: (7) 9562ebc0e9ff81
2023-06-28 23:47:18 | ERROR | Invalid Data frame length: (251) b96d086fd0c3bf4b5c9a0c9c1a2d65aa289a88d4b34b108b63341e446e72b7d46e8b04a0b9c35b0d3f88cfaeaf7221129ba200e4008e289711c34c0a9c22353f4775e78fe8a37073f3b7180cb67d127d50fed8aa4a7dfe876dec1bc2a8f92da382db07e2ea00572705304e570141542ab99c2a17e6ef34b634709da68bfecb41c14a061ffa25b5a64bacb1dcbd8144301aea287dc19da645f3a19d3c9e66e981c2410c11fa84384ee9677b9f3ad9797ca2db3faf6211a91a17a62ac6c83fe84ed54c2b35b767de6c447a192976c38d23826f6eecf56a6647e64e08a385e04944072fdf2febcfa45610f5bc46c2f0eb7a8ba6ea91728f2d552e0e1b
2023-06-28 23:51:47 | ERROR | lorawan::MType::from_value() error: invalid MType value: 7
2023-06-28 23:53:30 | ERROR | Invalid Data frame length: (239) 9764e113c71b9365ba6112e5fc60f312ea2ac55075802bbac4b26d41b09b80519a1ca51845dd669b9567fbeadc747b9822ab711e12ccac3f51dcdf2a47c68f6aee86b8342238a797e6cdc7511f691b434af9ba3f2aaaa7c11d7dc1ceb63f241c9635b223cd28f83e4a168c20de2febee61e5fd2cf106b81b0f1b2d13a3aa384b86ac115c6ef996a4041c6b830e41f0ca20104c5ff2e71d36b2fd252d5813e7e0e9541cd6498a6b77cd16c7bea6be274c431b8188622acb7bf3c089fa3247a89571a5bf5a3d5a15fa384ebd5f7b0af199bbe4475735f5d4e5c2d71f292577d40388ca286d7655aeef6a9aab0997e0c5
2023-06-28 23:54:51 | ERROR | lorawan::MType::from_value() error: invalid MType value: 7
2023-06-29 00:00:48 | ERROR | lorawan::MType::from_value() error: invalid MType value: 7
2023-06-29 00:04:38 | ERROR | lorawan::MType::from_value() error: invalid MType value: 7
2023-06-29 00:09:33 | ERROR | lorawan::MType::from_value() error: invalid MType value: 7
2023-06-29 00:11:53 | ERROR | lorawan::MType::from_value() error: invalid MType value: 7
2023-06-29 00:13:32 | ERROR | lorawan::MType::from_value() error: invalid MType value: 7
2023-06-29 00:23:24 | ERROR | lorawan::MType::from_value() error: invalid MType value: 7
2023-06-29 00:23:59 | ERROR | lorawan::MType::from_value() error: invalid MType value: 7
2023-06-29 00:25:18 | ERROR | lorawan::MType::from_value() error: invalid MType value: 7
2023-06-29 00:28:31 | ERROR | lorawan::MType::from_value() error: invalid MType value: 7
2023-06-29 00:31:23 | ERROR | lorawan::MType::from_value() error: invalid MType value: 7
2023-06-29 00:41:59 | ERROR | lorawan::MType::from_value() error: invalid MType value: 7
2023-06-29 00:44:33 | ERROR | lorawan::MType::from_value() error: invalid MType value: 7
2023-06-29 00:46:24 | ERROR | lorawan::MType::from_value() error: invalid MType value: 7
2023-06-29 00:47:49 | ERROR | lorawan::MType::from_value() error: invalid MType value: 7
2023-06-29 00:54:09 | ERROR | lorawan::MType::from_value() error: invalid MType value: 7
2023-06-29 00:55:04 | ERROR | lorawan::MType::from_value() error: invalid MType value: 7
2023-06-29 00:56:15 | ERROR | lorawan::MType::from_value() error: invalid MType value: 7
2023-06-29 00:56:41 | ERROR | Invalid Data frame length: (13) 9161dc38f9df72096b6b1b8c1c
2023-06-29 01:09:02 | ERROR | lorawan::MType::from_value() error: invalid MType value: 7
2023-06-29 01:09:46 | ERROR | lorawan::MType::from_value() error: invalid MType value: 7
2023-06-29 01:10:59 | ERROR | Invalid Data frame length: (16) 4548126ab5e724d4d720cb83ebed7bf0
2023-06-29 01:13:21 | ERROR | Invalid Data frame length: (243) 44b9f38e14954fe565d7adae16a3d60eb7aa68400d483a5a308f051839219706ec575838049e0f5afc3d23ec27ac40926315c4fa16a973672bf32043977b8c6dbe778c8a59000c38a4454c627571c2b0310e32e17097abc6ba6d8ba1fdb53d133961c49303c1385233fc4b4c9f8756d17ff9cbf1e1c5759e734569a46ec024061efdc32b9eeadd63357049e5fae5e77a037577b2b898333a8e9996255ad037f502c216af69a8c41a7ecb8a916d46ec52b5ed15ccc26bbec6a0eeddca90edfd9f7c95ebc02b1093a11c0cd49542ef30f0b0aae30b38ae132bde88ae71a8bfc7aa881a9c543daf68103101eb860b671ca550c881
2023-06-29 01:28:01 | ERROR | lorawan::MType::from_value() error: invalid MType value: 7
2023-06-29 01:37:21 | ERROR | Invalid Data frame length: (251) 624838377622ca660317fa2a41abcbb07db24a6033d36486d3da5e50793529549e29eb90c36303896cdb1645a227e5234088bc763f2e39ec1fa1afafb1960a369386f7e874f031f5f20d9c228a9d8841870db079592cbbc911731ed0cb84c2b9e4e368f15be42421244c31808e0a5206fa6c2869f958a596e225f0549fc31f4321682f9bc99c1f65f232ed7c6b712657dd44e082f44659e35099714dd311383d6c8b410ade2afbf208b0930c60b6fe7700385f8eacee7e04ca52a3a9b4d03c836ee7dd33b13e96facaee919b0f4206b5fb54306f86ab191a8bef734e14d1aa31dfb1e6391da010ebade540231738c8e81d0f6b51247426d42e1ebc
2023-06-29 01:38:54 | ERROR | lorawan::MType::from_value() error: invalid MType value: 7
2023-06-29 01:55:42 | ERROR | lorawan::MType::from_value() error: invalid MType value: 7
2023-06-29 01:55:58 | ERROR | lorawan::MType::from_value() error: invalid MType value: 7
2023-06-29 02:00:51 | ERROR | lorawan::MType::from_value() error: invalid MType value: 7
2023-06-29 02:01:06 | ERROR | lorawan::MType::from_value() error: invalid MType value: 7
2023-06-29 02:03:52 | ERROR | lorawan::MType::from_value() error: invalid MType value: 7
2023-06-29 02:09:27 | ERROR | lorawan::MType::from_value() error: invalid MType value: 7
2023-06-29 02:20:46 | ERROR | Invalid Data frame length: (237) 762dd0cc07fb97f2e6736f2d1a00e4e8c5da19d4535b15537985c9ccab6c759df9e7296039fd8f5730b57d77dd18a7c5dd409aa7ce43f56b97f319d999f54d11e5ecdcea626c1c4a165f765059a609fbbc56e07c55b3cfdc72fb3a0071b9f2c9fa24f5b75c60505cd9aca25a39b7fdb52c70c39d22bf303e38d6df9ec58b3a7368bd4fd88d00a8ee67f6082ac2b4a779a60bf4f461c8506f83cb67f1f8db7aadc21d8077804f72a902fc03218ca6ff6cc204146bc87287170c9ebfe2c6875656f3b37618d2b7a1cd1f2c9697c34b85427b98354cc0f0316a41af389df8bd93fda8511d7b6f8fb1dd624f057ac1
2023-06-29 02:29:26 | ERROR | Invalid Data frame length: (20) 906ef28cb90babf0136339d693d01430b7fee145
2023-06-29 02:32:14 | ERROR | lorawan::MType::from_value() error: invalid MType value: 7
2023-06-29 02:34:11 | ERROR | lorawan::MType::from_value() error: invalid MType value: 7
2023-06-29 02:38:06 | ERROR | Invalid Data frame length: (5) 8a08c7688f
2023-06-29 02:40:49 | ERROR | lorawan::MType::from_value() error: invalid MType value: 7
2023-06-29 02:45:08 | ERROR | lorawan::MType::from_value() error: invalid MType value: 7
2023-06-29 02:47:29 | ERROR | Invalid Data frame length: (10) 4beefcf1048af5861657
2023-06-29 02:51:26 | ERROR | Invalid Data frame length: (3) bfd7ad
2023-06-29 02:53:28 | ERROR | Invalid Data frame length: (252) 706a6c18d572046e2ba6d735d9fc7976f9d5927d75b2370a0c09818b6b80d507ed8bd704b16cd8c506e0281bb4959bb6a2f1f7b6906957a11d48fa2487247c39d63fc6a8742aabff5d3ee622275e5ad5734fe28317b75fd17823d9b63a8f1ecc93fe98c9ff1e7ab4e5cda4230be236d6e0fabd99a1b08e7d1bea93511454d8bde25d4a9642715496d5177caf39d48550be5c7ffd39e176d32bb8ceaab36c21abb4edfd380f9d2f2a31eef9cdc9967e8795a4ff89610c251f743f25af45f90867fdaf2f0699b1bbe7641de05fa0aa0204f99f038d1f18027307b56b3bd8223bc6ef594f829e9ef07eac157f5d72b2c7f58e1d950a9beb4e8689c827f2
2023-06-29 02:55:55 | ERROR | lorawan::MType::from_value() error: invalid MType value: 7
2023-06-29 02:59:47 | ERROR | lorawan::MType::from_value() error: invalid MType value: 7
2023-06-29 03:00:51 | ERROR | Invalid Data frame length: (244) 540221e44c1efea27cfa2b3ba7a25c40e32d2dec71602e4b0954258b46332397f1be0e363c5cacb4a815eee724b59bec96526c56682e01d5a8cb9ccd30bcef91cf119c08999cd0ba727e8f353f7024ffb7da1db58c89436c0587b9b2ffd5fd82d0f5a4e9944917791ef2b71932bf697cc17617d8579bf42f2045b76285d8bd8518cde8115c52b90b76f9fde2c7e72fc876488c4298aed4de7a69d11a7ae4bb39c025c91a3bc7c955fca9fd3aa541af1fb749f67e1711692758fc054335d933f521a4239d95729d0b3373c3d5061f1f74654583b3aa40fd395cd47fd2b1d1e2334dee8c7d6423e97f19abad2d5b1fea9c33e93488
2023-06-29 03:05:00 | ERROR | lorawan::MType::from_value() error: invalid MType value: 7
2023-06-29 03:09:18 | ERROR | lorawan::MType::from_value() error: invalid MType value: 7
2023-06-29 03:11:49 | ERROR | lorawan::MType::from_value() error: invalid MType value: 7
2023-06-29 03:15:23 | ERROR | Invalid Data frame length: (1) 60
2023-06-29 03:21:34 | ERROR | Invalid Data frame length: (240) 6694ee40c32bee5c4b10088b042a7303f49d3d166b2aeed5d303c39aec9c1554100fe6f13dd72875d52179f4ed051ac6ff1ac364ff404c547eb92cae0a43930f88caf404aecb27603a112a84760b335c84bdf3785f0bf2913d8b5c3a5f06318c853501056c2e7ff2cabaaa3f6b38ee024086fa406e618a73167f7ff08ce9498dc592ae131ce0b01237ac19b72b7e5499e9161fa1809f15f9f5096e3a9ac94050a75451aac70e9a513aefd1fc48407e4b09a0c8434e972ddc3f3bf3a80e9c27395132eee9dc5b4e81d0ad9b5785f2e10b4840f2ca31e74011f56a428e9607c28852ccf1354700a4a51d5d168cd4dbb460
2023-06-29 03:26:36 | ERROR | Invalid Data frame length: (236) 7a63c8c6f0cc6c9fcf1e47117aa2b0b1a082a9520ce120614cf161c6745477a7542c8a2e7c94e292be767272e885388298607e52b3f8d878a99f6698a19c1dbceccc9977ee99b86e5a623140cb2a0e96f5023b9c73942abfa10864aa89b1cdbabab8a65529ffe98fbf649dfebe078cde77796cdf929c0f3149cc4ca9fa1edc539fbbb498ec1975f83b6ce86912ccc5e7e56cdaf4f6b53be36ad91c2919feaea2fd19598f8b655a49a5abbcff69c5a450c5f7c2f014440944a621f7691ffd97390e751d72dfbbed5d70b35dcc300b97f5962060cd2dd70d3333b9fa11ce3ff9b38ce3e037cd67ccb4a5750781
2023-06-29 03:28:10 | ERROR | Invalid Data frame length: (7) 484f614aaddbd9
2023-06-29 03:30:07 | ERROR | Invalid Data frame length: (231) bed9fe2350d72534196cc971ac72c0bcf3b92a2827bf45e6c74860202242762a1fb933f451aca670fc5dcdfdafda99786aa8b585819ada3fbab6bd04731d83c2b1e3c03ed61c9df17b63a55eb837af2c96d9bb3dcaa3709c53fecce2c9e22f4d0070fe985b1894c4e4dffad8111d26fcab044fa97049b34bfb68501000d4a25243ce277b9893926431f30bad67927ba9345c0a6001499d5676b3e042ecd4f646c2010f09121e0600ee75b93044effb32f231bf930de57de4223746fd1c0344341d78b3dffc939e2ee119b17a2f9cdf0592f23e2f9933896052d10d82f8e6f11e8128776013c7a0
2023-06-29 03:30:34 | ERROR | Invalid Data frame length: (254) b9e4f6dc9121ce3fcf0f3dc26a88f11f878c2d6ea5e192eed69d04e4b05759ffd633b93c70b509803ae2153e8f0acac6831226d5aa4a4f3fca04062b2a81d8826766d405e3fbd3cd0e2dd66f8b9b19d3f8dabfa4b602ae3989ff50a1670911e70b418971f46e0e5de267fa46e1bfb0949b54f450f4b186bc8ad29d0e5c60e49d4f2d09ea49fb23be526ff1334a0bc1efa2267faba0985365c8f0136b7e86ae63470850413d64738937a94947fa9dc96fec1aaf59111a7c9563bda118427d444df529a77da85a8ce0a9fbf0b6927a2280f6319313a5b437a890e77f8567b3ed973c487c79967531327ea98f54aa36c49d41fa7d78963541beeb2d69ca05ad
2023-06-29 03:33:27 | ERROR | Invalid Data frame length: (17) 527ebba9ab9d6987db2501ca109a40d8da
2023-06-29 03:46:00 | ERROR | Invalid Data frame length: (246) a2ed9aae99b81accbf74235f6f660fa28da7683e6441a53d70ed279b39023c5d8745359eaf6295d3a408ca563bc0ebf880eea86d0da822e1ce99845ce64e639a3f778cfb851e9990870280985da50b129a5bfdb5995d440d959550659eb57e794f61f2874f6210def4fb420ea9d9b7b95ef35d6b337704283d5505a64f93e04243205d3f5c7b842db0793641c9ec4bdc3d0db5870ab7b3fbdc79fc0b8eb56cceb026e30e2eded2c7fff3a8915d500c558a18d70f84e5d4b9cd54f8753b44290278c41d67e37361dd67d34ed50688d269dfa07087c16c3438b9bd1011e3ee1d3d7c8f6752716e16f92612872e18a41a4d2adc96750fda
2023-06-29 03:50:34 | ERROR | Invalid Data frame length: (8) a7a49414acbf4e35
2023-06-29 03:54:27 | ERROR | lorawan::MType::from_value() error: invalid MType value: 7
2023-06-29 03:57:28 | ERROR | Invalid Data frame length: (8) 58b6bc5a9fd2f2aa
2023-06-29 03:59:56 | ERROR | lorawan::MType::from_value() error: invalid MType value: 7
2023-06-29 04:01:22 | ERROR | lorawan::MType::from_value() error: invalid MType value: 7
2023-06-29 04:01:43 | ERROR | Invalid Data frame length: (3) 7ad694
2023-06-29 04:04:34 | ERROR | lorawan::MType::from_value() error: invalid MType value: 7
2023-06-29 04:13:48 | ERROR | Invalid Data frame length: (6) 7ad87ba4f382
2023-06-29 04:22:24 | ERROR | Invalid Data frame length: (3) 9d9cfd
2023-06-29 04:28:37 | ERROR | lorawan::MType::from_value() error: invalid MType value: 7
2023-06-29 04:40:54 | ERROR | lorawan::MType::from_value() error: invalid MType value: 7
2023-06-29 04:42:25 | ERROR | lorawan::MType::from_value() error: invalid MType value: 7
2023-06-29 04:45:23 | ERROR | lorawan::MType::from_value() error: invalid MType value: 7
2023-06-29 04:50:13 | ERROR | Invalid Data frame length: (4) b9ed46d5
2023-06-29 04:58:53 | ERROR | lorawan::MType::from_value() error: invalid MType value: 7
2023-06-29 05:00:03 | ERROR | lorawan::MType::from_value() error: invalid MType value: 7
2023-06-29 05:04:54 | ERROR | Invalid Data frame length: (233) b2fd1b27d91049ccc9078cdfbaad72cc00dbae5df5efd73e08d44403c5c5c7f71f28d766c5304b050c99255bf981f203ac2658e75b6d49562158c502c26388433ac84c799eddaec42740fe551b0f7b2cdb696ce688e655a51d8ecb3ee0df2e241d8e32698d2df12e599a68c075adfcda45b6c8644880bf0f14b6bc4385fa1c74de19354560c51ed402cf4e355c49835009ceb471a5d35f084d7b72185288e15ed802926c00ba26f3fa47cf729720375dcb5942a1c770b799768bc750144f353be6b4a4ec94be2df9c12c78e1093ca028ebeed782c4583d36f9e779c2a5e1786ef9ee9b4c6e264549fc
2023-06-29 05:07:16 | ERROR | lorawan::MType::from_value() error: invalid MType value: 7
2023-06-29 05:07:21 | ERROR | Invalid Data frame length: (242) 9d47dd84ab62b3a901b3b99b8d87f5c26cef9bbed499e2961102293ec4c4d97bc8188a17349c8be691dc4940528426613ccd778e582a62fd4f86b6b2eccfe0cbb8e93a07d6b9586861943d44a3e32a29d7bd32fd413f256d82e27857dac1955b5081ccd4c1539d4cea0a1098406bbc26e8fd63ed1bd0971e6d8826788c0de8753c26315ce57ac631c7d435f8bdd3da4a2e5e87636a0f614027aebaec05b4416fcb1a3be90ff2380e8e2d8771f36cb67750fc4eda950ebe3b0830d13baa98553b5ba799cacc0d11fa4ae8e4472eb3314d698fa957c9b9c2b374be539a84ca000f27f8262d3303286c03e8a7552ef46f06a0cb
2023-06-29 05:11:27 | ERROR | lorawan::MType::from_value() error: invalid MType value: 7
2023-06-29 05:20:14 | ERROR | Invalid Data frame length: (13) 9ecf27be280e6082238dbe1218
2023-06-29 05:23:05 | ERROR | Invalid Data frame length: (255) 8f31f309c0936f6e3d58e914c86385836ac7866d51769d96bc902cd21ac8c4651888f1e03ea48ac9949a1fe75ebbb04bdc4160ac1a405c0e9fde6a39ca6c8836128697e832e9b7d544947d510a56125ff9c6e10eee110ac3ce825ffdad46e48e3ea7016f1101c8cdb5514e657ffd02023762e0186343c9556861c7a0c7e1cf224d3230e6666dbc779b443e66388413fe67d484cd2b8ea551d44430a9bcaa45dfd9401dc208b264baefd0d512ae46cb7833686fb66f8d9db09f3e5c4813484e2d505fbdebadd1eb7b2d481aa88f7fed706fcbb18ee5316b4c8ebd9a3f34c2af6d0c5177202868f5976dc4b96bb653904b0b92c14bd4f25b153bd7b925ad51e0
2023-06-29 05:23:06 | ERROR | lorawan::MType::from_value() error: invalid MType value: 7
2023-06-29 05:23:40 | ERROR | Invalid Data frame length: (11) a4ca6c9bc992ba41bd6d4c
2023-06-29 05:24:04 | ERROR | lorawan::MType::from_value() error: invalid MType value: 7
2023-06-29 05:31:20 | ERROR | lorawan::MType::from_value() error: invalid MType value: 7
2023-06-29 05:34:50 | ERROR | lorawan::MType::from_value() error: invalid MType value: 7
2023-06-29 05:41:36 | ERROR | Invalid Data frame length: (243) 82ea7c2881409804831357470f11b4f64a6ccbb7b1ce934bb04c1aa401b17600ccdf56c9c06e3d3b57d447d68660a39bb1c9e593bcdc86cb2bb8a4a2b171f02e1ce11f29fa24f6f39b78c80656b1c2219de24bb613e8afa67fa54517c4fa2b940a60cb943389927d69f09de9b505039ba1ffd807d381ce16ab948c0b09d8bb73bd2c3f0c29184df59b44bf3a55296a57946c40efe7a573f0a01dcadee16d097a1124587de4bab6e1add6ac5b4af9c1092d193d36eca7d402fba7d625bf47b23e0aaabc3eda9c8c8f1a37d1965b8021183649141f1ef193024ce95b7641fbab2e3effbb7b37595bd65266981fb55e8acc5ed040
2023-06-29 05:42:03 | ERROR | Invalid Data frame length: (244) 76aa89b206174dc94b0eb06d7073f9b12b8b77c9902c439d50b8dcbaa1f7d6bba4b9ad0a4502010c3d074e7ff2fedd000f4a35849f156be7ae87f74910b486f75841f0faec4664d094ee1426623f8648deaf96c7f187303ed7a8fc304b11ce6f18718afc6688bc1431ea79dde34ecda6fef85c19e0b7a79106a98a1a14bc3fa80b037f059ad8b1cbffa6777195fd2762f4ea73e21e92538c2cb0473f2d2f504800712a2d119ed532030944138ab54c23f5c6e74f1359fdabb0b0e9b9a74715dc7bd1410d0fe791d8e8498db498c5c315400934bbf98b09bfcc3b79a46aa7f5d79cedcaf3aaddb86688e6bbf629416c94b21957b2
2023-06-29 05:45:55 | ERROR | lorawan::MType::from_value() error: invalid MType value: 7
2023-06-29 05:56:12 | ERROR | lorawan::MType::from_value() error: invalid MType value: 7
2023-06-29 06:12:30 | ERROR | Invalid Data frame length: (19) 6ed23a6adddf5a3291b7baa8ad93f5b51e20f1
2023-06-29 06:12:43 | ERROR | Invalid Data frame length: (238) 64ce8b6af63859a57da4bbe4d001b8560373c8ee8a2be7a0f7f3cbca583960d189d83d95e185b000869d566303bb1943f3da057631622516ed8f35dcbcbed7db36d45966adeb8c47725550317d68a989926bec7dd26f57ab0e55e26e83bd2b9767351153ddade56a92aa0972ef451145210947b8d088f4977016e8d62dde5e165f551568a8281d8e67679999680ebbb36c1895538fc59b44702d277d2037abe50e5ca480f9299f38e31c7dee06584c1892d9a67f60e5ef32e1dbb72e715f66193b9334f7d274e7290e29bbf3da75df741dd30ff7cacbe6a0179f903917a8ad5e4a0b0923e6f69c7c02bfe7ca86ee
2023-06-29 06:17:34 | ERROR | lorawan::MType::from_value() error: invalid MType value: 7
2023-06-29 06:22:34 | ERROR | lorawan::MType::from_value() error: invalid MType value: 7
2023-06-29 06:27:43 | ERROR | lorawan::MType::from_value() error: invalid MType value: 7
2023-06-29 06:30:32 | ERROR | lorawan::MType::from_value() error: invalid MType value: 7
2023-06-29 06:40:21 | ERROR | lorawan::MType::from_value() error: invalid MType value: 7
2023-06-29 06:42:57 | ERROR | Invalid Data frame length: (255) 85721cf743fd844ed93e0a5ac73a6489539c64f493d07fb5df81dfae3539b938d98a23119e7aaeebd40952bebdc81fcfc081ea6e9c117453ca1b45dea0b7b23299e3a5050f8adc1d9475121c0507a9e93e5e2f5818971c1ecb5215d54d709fafcdb69381cf729a3c1e682f13c75a393c351ab9833971778c0e876a2cd7d30ebfc6639bd1c2f697e5d2ba6bd9b1cd95e7f8d517611d85058c128859ad5e9374f913192d512f5c52f8bbadbbc0c4295771b3fd99fb5a56d2a015d1359a857d0e5321b8dd9ea3ef6a1076ea7fba5efa02fc7ba17f460aa61872e8c0edf4f7f874d6b9e7ba1cd64fd814ba0e20cf3d70774b155b11268036a7c15ebe7643a34cee
2023-06-29 06:49:08 | ERROR | lorawan::MType::from_value() error: invalid MType value: 7
2023-06-29 06:49:25 | ERROR | lorawan::MType::from_value() error: invalid MType value: 7
2023-06-29 07:05:53 | ERROR | lorawan::MType::from_value() error: invalid MType value: 7
2023-06-29 07:05:53 | ERROR | Invalid Data frame length: (11) aaf3f06fa1dbd47beb5762
2023-06-29 07:08:34 | ERROR | Invalid Data frame length: (244) 83fdbcac7cd9baa6e525ae7d35fa93f7b41fb80a6c34ec704e435413621740f8cd25b67be75d4b130b1c893deee8291ff8697fc7ac6d1789a5c135808bd6cb8d28ce878baea165eb8307a5725538537952586554fe8d1bdc09b38fc1c31c3763afafdbba2ebf86043609513047b2f0509c4cb08ad90b804e7d4bf6100e10eb035493754c2c7fba649eeeffb867031ef457477570229844b2866d5e1d527c4025a0b4a96f6cc01be35a22e0285a993921a07caffbb9f6db1b11e93cb9ac0457f7bcc7d67552eb14f0ab80862548d1e52548c4761a21203d9345edfc70f5e3e1f3106ed02cd59597fbf3412c637ce4e8c247a2ed0b
2023-06-29 07:10:06 | ERROR | Invalid Data frame length: (6) 824be0b430a0
2023-06-29 07:11:48 | ERROR | lorawan::MType::from_value() error: invalid MType value: 7
2023-06-29 07:12:43 | ERROR | lorawan::MType::from_value() error: invalid MType value: 7
2023-06-29 07:15:34 | ERROR | lorawan::MType::from_value() error: invalid MType value: 7
2023-06-29 07:18:49 | ERROR | lorawan::MType::from_value() error: invalid MType value: 7
2023-06-29 07:19:28 | ERROR | Invalid Data frame length: (9) 98dcdadf70f0092c96
2023-06-29 07:21:55 | ERROR | lorawan::MType::from_value() error: invalid MType value: 7
2023-06-29 07:23:24 | ERROR | lorawan::MType::from_value() error: invalid MType value: 7
2023-06-29 07:23:50 | ERROR | lorawan::MType::from_value() error: invalid MType value: 7
2023-06-29 07:31:59 | ERROR | lorawan::MType::from_value() error: invalid MType value: 7
2023-06-29 07:33:00 | ERROR | lorawan::MType::from_value() error: invalid MType value: 7
2023-06-29 07:36:17 | ERROR | lorawan::MType::from_value() error: invalid MType value: 7
2023-06-29 07:40:07 | ERROR | lorawan::MType::from_value() error: invalid MType value: 7
2023-06-29 07:47:41 | ERROR | lorawan::MType::from_value() error: invalid MType value: 7
2023-06-29 07:49:53 | ERROR | lorawan::MType::from_value() error: invalid MType value: 7
2023-06-29 07:50:42 | ERROR | lorawan::MType::from_value() error: invalid MType value: 7
2023-06-29 07:55:14 | ERROR | Invalid Data frame length: (17) 69c3c1efc398c49078fe854b8c734078a7
2023-06-29 07:55:21 | ERROR | lorawan::MType::from_value() error: invalid MType value: 7
2023-06-29 07:59:01 | ERROR | lorawan::MType::from_value() error: invalid MType value: 7
2023-06-29 10:12:48 | ERROR | lorawan::MType::from_value() error: invalid MType value: 7
2023-06-29 10:14:23 | INFO  | {"MType":"UnconfirmedDataDown", "DevAddr":"0x04000f20", "FCtrl_ADR":"false", "FCtrl_RFU":"false", "FCtrl_ACK":"false", "FCtrl_FPending":"false", "FCtrl_FOptsLen":"0", "FCnt":"77", "FOpts":"", "FPort":"11", "EncrFRMPayload":"0b", "FRMPayload":"f3", "MIC":"0xdd38fe27", "CalcMIC":"0x0bb492b6", "SpFact":"SF9", "Freq":"867.1", "RSSI":"-121", "SNR":"-12.8"}
2023-06-29 10:14:23 | INFO  | {"MType":"UnconfirmedDataDown", "DevAddr":"0x04000f20", "FCtrl_ADR":"false", "FCtrl_RFU":"false", "FCtrl_ACK":"false", "FCtrl_FPending":"false", "FCtrl_FOptsLen":"0", "FCnt":"77", "FOpts":"", "FPort":"11", "EncrFRMPayload":"83", "FRMPayload":"7b", "MIC":"0xdd38fe27", "CalcMIC":"0x49f9a750", "SpFact":"SF9", "Freq":"867.9", "RSSI":"-119", "SNR":"-12"}
2023-06-29 10:14:23 | INFO  | {"MType":"UnconfirmedDataDown", "DevAddr":"0x04000f20", "FCtrl_ADR":"false", "FCtrl_RFU":"false", "FCtrl_ACK":"false", "FCtrl_FPending":"false", "FCtrl_FOptsLen":"0", "FCnt":"77", "FOpts":"", "FPort":"11", "EncrFRMPayload":"83", "FRMPayload":"7b", "MIC":"0xdd38fe27", "CalcMIC":"0x49f9a750", "SpFact":"SF9", "Freq":"867.7", "RSSI":"-118", "SNR":"-10.2"}
2023-06-29 10:14:23 | INFO  | {"MType":"UnconfirmedDataDown", "DevAddr":"0x04000f20", "FCtrl_ADR":"false", "FCtrl_RFU":"false", "FCtrl_ACK":"false", "FCtrl_FPending":"false", "FCtrl_FOptsLen":"0", "FCnt":"77", "FOpts":"", "FPort":"11", "EncrFRMPayload":"83", "FRMPayload":"7b", "MIC":"0xdd38fe27", "CalcMIC":"0x49f9a750", "SpFact":"SF9", "Freq":"867.5", "RSSI":"-79", "SNR":"7.8"}
2023-06-29 10:14:23 | INFO  | {"MType":"UnconfirmedDataDown", "DevAddr":"0x04000f20", "FCtrl_ADR":"false", "FCtrl_RFU":"false", "FCtrl_ACK":"false", "FCtrl_FPending":"false", "FCtrl_FOptsLen":"0", "FCnt":"77", "FOpts":"", "FPort":"11", "EncrFRMPayload":"83", "FRMPayload":"7b", "MIC":"0xdd38fe27", "CalcMIC":"0x49f9a750", "SpFact":"SF9", "Freq":"867.3", "RSSI":"-119", "SNR":"-11.5"}
2023-06-29 10:15:59 | ERROR | Invalid Data frame length: (247) 7a64b92cb8388662cf9947dc472dc9fa7d149ab194fb9fca816443b64866e3e5bf6368d554b2c7b6210b57d75db2309f5dcf2edce5c066bc71ab33d90ba75479f77fcdc8a8cf0e0621a36405223d947bf06f6ab559915be81b6dec54787c0ef76e7d1922da8ce9b875cf6f7c34002e374b2532066d1f6618fa9d9699292df2355b0413365e0be8f6f4909cf82f7d16defe1c36f55d29cb653d556760321070e21e52ed106471b22bfa870391a6b45cd06b3f326144f17d8cb736410b251e147cc514f50a8ef8ffd0323414e0c146e333b44d8d59d249b57708ba20b7aa29ef13044df9ffc1f72a2438f490cd195f135a01d46a9b5db79b
2023-09-13 11:28:10 | DEBUG | Settings { debug: true, default_key: "00000000000000000000000000000001", udp_server: UdpServer { addr: "0.0.0.0:1700" }, remote_application_server: RemoteApplicationServer { url: "https://webhook.site/845afd69-47ff-474e-aa63-6120286261d7", timeout: 5, forward_incorrect_mic: false }, log: Log { dir: "log", file_size: 100000, level: Debug } }
2023-09-13 11:30:21 | DEBUG | Settings { debug: true, default_key: "00000000000000000000000000000001", udp_server: UdpServer { addr: "0.0.0.0:1700" }, remote_application_server: RemoteApplicationServer { url: "https://webhook.site/845afd69-47ff-474e-aa63-6120286261d7", timeout: 5, forward_incorrect_mic: false }, log: Log { dir: "log", file_size: 100000, level: Debug } }
2023-09-13 11:30:36 | DEBUG | Settings { debug: true, default_key: "00000000000000000000000000000001", udp_server: UdpServer { addr: "0.0.0.0:1700" }, remote_application_server: RemoteApplicationServer { url: "https://webhook.site/845afd69-47ff-474e-aa63-6120286261d7", timeout: 5, forward_incorrect_mic: false }, log: Log { dir: "log", file_size: 100000, level: Debug } }
2023-09-13 11:36:26 | DEBUG | Settings { debug: true, default_key: "00000000000000000000000000000001", udp_server: UdpServer { addr: "0.0.0.0:1700" }, remote_application_server: RemoteApplicationServer { url: "https://webhook.site/845afd69-47ff-474e-aa63-6120286261d7", timeout: 5, forward_incorrect_mic: false }, log: Log { dir: "log", file_size: 100000, level: Debug } }
2023-09-13 11:40:06 | DEBUG | Settings { debug: true, default_key: "00000000000000000000000000000001", udp_server: UdpServer { addr: "0.0.0.0:1700" }, remote_application_server: RemoteApplicationServer { url: "https://webhook.site/845afd69-47ff-474e-aa63-6120286261d7", timeout: 5, forward_incorrect_mic: false }, log: Log { dir: "log", file_size: 100000, level: Debug } }
2023-09-13 11:42:19 | DEBUG | Settings { debug: true, default_key: "00000000000000000000000000000001", udp_server: UdpServer { addr: "0.0.0.0:1700" }, remote_application_server: RemoteApplicationServer { url: "https://webhook.site/845afd69-47ff-474e-aa63-6120286261d7", timeout: 5, forward_incorrect_mic: false }, log: Log { dir: "log", file_size: 100000, level: Debug } }
2023-09-13 11:53:35 | DEBUG | Settings { debug: true, default_key: "00000000000000000000000000000001", udp_server: UdpServer { addr: "0.0.0.0:1700" }, remote_application_server: RemoteApplicationServer { url: "https://webhook.site/845afd69-47ff-474e-aa63-6120286261d7", timeout: 5, forward_incorrect_mic: false }, log: Log { dir: "log", file_size: 100000, level: Debug } }
2023-09-13 11:58:07 | DEBUG | Settings { debug: true, default_key: "00000000000000000000000000000001", udp_server: UdpServer { addr: "0.0.0.0:1700" }, remote_application_server: RemoteApplicationServer { url: "https://webhook.site/845afd69-47ff-474e-aa63-6120286261d7", timeout: 5, forward_incorrect_mic: false }, log: Log { dir: "log", file_size: 100000, level: Debug } }
2023-09-13 12:03:15 | DEBUG | Settings { debug: true, default_key: "00000000000000000000000000000001", udp_server: UdpServer { addr: "0.0.0.0:1700" }, remote_application_server: RemoteApplicationServer { url: "https://webhook.site/845afd69-47ff-474e-aa63-6120286261d7", timeout: 5, forward_incorrect_mic: false }, log: Log { dir: "log", file_size: 100000, level: Debug } }
2023-09-13 12:03:56 | DEBUG | Settings { debug: true, default_key: "00000000000000000000000000000001", udp_server: UdpServer { addr: "0.0.0.0:1700" }, remote_application_server: RemoteApplicationServer { url: "https://webhook.site/845afd69-47ff-474e-aa63-6120286261d7", timeout: 5, forward_incorrect_mic: false }, log: Log { dir: "log", file_size: 100000, level: Debug } }
2023-09-13 12:33:05 | DEBUG | Settings { debug: true, default_key: "00000000000000000000000000000001", udp_server: UdpServer { addr: "0.0.0.0:1700" }, remote_application_server: RemoteApplicationServer { url: "https://webhook.site/845afd69-47ff-474e-aa63-6120286261d7", timeout: 5, forward_incorrect_mic: false }, log: Log { dir: "log", file_size: 100000, level: Debug } }
2023-09-18 09:55:07 | DEBUG | Settings { debug: true, default_key: "00000000000000000000000000000001", udp_server: UdpServer { addr: "0.0.0.0:1700" }, remote_application_server: RemoteApplicationServer { url: "https://webhook.site/845afd69-47ff-474e-aa63-6120286261d7", timeout: 5, forward_incorrect_mic: false }, log: Log { dir: "log", file_size: 100000, level: Debug } }
2023-09-18 13:20:41 | DEBUG | Settings { debug: true, default_key: "00000000000000000000000000000001", udp_server: UdpServer { addr: "0.0.0.0:1700" }, remote_application_server: RemoteApplicationServer { url: "https://webhook.site/845afd69-47ff-474e-aa63-6120286261d7", timeout: 5, forward_incorrect_mic: false }, log: Log { dir: "log", file_size: 100000, level: Debug } }
2023-09-18 13:21:03 | DEBUG | Settings { debug: true, default_key: "00000000000000000000000000000001", udp_server: UdpServer { addr: "0.0.0.0:1700" }, remote_application_server: RemoteApplicationServer { url: "https://webhook.site/845afd69-47ff-474e-aa63-6120286261d7", timeout: 5, forward_incorrect_mic: false }, log: Log { dir: "log", file_size: 100000, level: Debug } }
2023-09-18 13:21:56 | DEBUG | Settings { debug: true, default_key: "00000000000000000000000000000001", udp_server: UdpServer { addr: "0.0.0.0:1700" }, remote_application_server: RemoteApplicationServer { url: "https://webhook.site/845afd69-47ff-474e-aa63-6120286261d7", timeout: 5, forward_incorrect_mic: false }, log: Log { dir: "log", file_size: 100000, level: Debug } }
2023-09-18 13:22:55 | DEBUG | Settings { debug: false, default_key: "00000000000000000000000000000001", udp_server: UdpServer { addr: "0.0.0.0:1700" }, remote_application_server: RemoteApplicationServer { url: "https://webhook.site/845afd69-47ff-474e-aa63-6120286261d7", timeout: 5, forward_incorrect_mic: false }, log: Log { dir: "log", file_size: 100000, level: Debug } }
2023-09-18 13:23:08 | DEBUG | Settings { debug: true, default_key: "00000000000000000000000000000001", udp_server: UdpServer { addr: "0.0.0.0:1700" }, remote_application_server: RemoteApplicationServer { url: "https://webhook.site/845afd69-47ff-474e-aa63-6120286261d7", timeout: 5, forward_incorrect_mic: false }, log: Log { dir: "log", file_size: 100000, level: Debug } }
2023-09-18 13:24:03 | DEBUG | Settings { debug: true, default_key: "00000000000000000000000000000001", udp_server: UdpServer { addr: "0.0.0.0:1700" }, remote_application_server: RemoteApplicationServer { url: "https://webhook.site/845afd69-47ff-474e-aa63-6120286261d7", timeout: 5, forward_incorrect_mic: false }, log: Log { dir: "log", file_size: 100000, level: Debug } }
2023-09-18 13:24:33 | DEBUG | Settings { debug: true, default_key: "00000000000000000000000000000001", udp_server: UdpServer { addr: "" }, remote_application_server: RemoteApplicationServer { url: "https://webhook.site/845afd69-47ff-474e-aa63-6120286261d7", timeout: 5, forward_incorrect_mic: false }, log: Log { dir: "log", file_size: 100000, level: Debug } }
2023-09-18 13:25:16 | DEBUG | Settings { debug: true, default_key: "00000000000000000000000000000001", udp_server: UdpServer { addr: "" }, remote_application_server: RemoteApplicationServer { url: "https://webhook.site/845afd69-47ff-474e-aa63-6120286261d7", timeout: 5, forward_incorrect_mic: false }, log: Log { dir: "log", file_size: 100000, level: Debug } }
